newman

PRPLOS WebUI - Dashboard Tests (2000-2999)

â Dashboard Overview
â†³ 2001 - Get Dashboard Summary
  â”Œ
  â”‚ 'No auth token found. Please run authentication tests 
  â”‚ first.'
  â””
  GET http://192.168.1.1/api/v1/dashboard/summary  
  200 OK â˜… 15ms time â˜… 247Bâ†‘ 2.57kBâ†“ size â˜… 7â†‘ 7â†“ headers â˜… 0 cookies
  â”Œ â†“ text/html â˜… text â˜… html â˜… utf8 â˜… 2.36kB
  â”‚ <!DOCTYPE html>
  â”‚ <html>
  â”‚   <head>
  â”‚     <meta charset="utf-8">
  â”‚     <meta http-equiv="X-UA-Compatible" content="IE=edg
  â”‚ e">
  â”‚     <title>PrplWebui</title>
  â”‚     <meta name="description" content="">
  â”‚     <meta name="viewport" content="width=device-width,
  â”‚  initial-scale=1">
  â”‚     
  â”‚ <meta name="prpl-webui/config/environment" content="%7
  â”‚ B%22modulePrefix%22%3A%22prpl-webui%22%2C%22environmen
  â”‚ t%22%3A%22production%22%2C%22rootURL%22%3A%22%2F%22%2C
  â”‚ %22locationType%22%3A%22auto%22%2C%22EmberENV%22%3A%7B
  â”‚ %22FEATURES%22%3A%7B%7D%2C%22EXTEND_PROTOTYPES%22%3A%7
  â”‚ B%22Date%22%3Afalse%7D%2C%22_APPLICATION_TEMPLATE_WRAP
  â”‚ PER%22%3Afalse%2C%22_DEFAULT_ASYNC_OBSERVERS%22%3Atrue
  â”‚ %2C%22_JQUERY_INTEGRATION%22%3Afalse%2C%22_TEMPLATE_ON
  â”‚ LY_GLIMMER_COMPONENTS%22%3Atrue%7D%2C%22APP%22%3A%7B%2
  â”‚ 2name%22%3A%22prpl-webui%22%2C%22version%22%3A%22prplo
  â”‚ s-v3.1.0%2B96edebbf%22%7D%2C%22ember-simple-auth%22%3A
  â”‚ %7B%22routeAfterAuthentication%22%3A%22authenticated.d
  â”‚ ashboard%22%7D%2C%22ember-cli-mirage%22%3A%7B%22usingP
  â”‚ roxy%22%3Afalse%2C%22useDefaultPassthroughs%22%3Atrue%
  â”‚ 7D%2C%22exportApplicationGlobal%22%3Afalse%7D" />
  â”‚     <link integrity="" rel="stylesheet" href="/assets/
  â”‚ vendor-d41d8cd98f00b204e9800998ecf8427e.css">
  â”‚     <link integrity="" rel="stylesheet" href="/assets/
  â”‚ prpl-webui-88543930afa6cdf0c2b1877867006671.css">
  â”‚     
  â”‚   </head>
  â”‚   <body>
  â”‚     
  â”‚     <script src="/assets/vendor-7b4b8e14de6f0af6439f2a
  â”‚ 33f78421e1.js" integrity="sha256-gcZY/IxVGqnj50Yoh84Aj
  â”‚ NK6vaUb5U0Iajxin6oVN84= sha512-+8zVhkopzcK85RVV72uUKPh
  â”‚ XOivJjZvEKajyszBs1874wLpVCbQk6zG4cU56GW9Co02XFenj1yFd3
  â”‚ 1vAckUHzA==" ></script>
  â”‚ <script src="/assets/chunk.48.118abea18a8fd45a2711.js"
  â”‚  integrity="sha256-9Luu8s+h+/07NgnawUxjiKf6YHoSC234ORl
  â”‚ +8VfcNQA= sha512-ZwcqiOYoz+oLey3AL8JQT9J41y8LfqAzbG6AC
  â”‚ iWOrVVmQAH+VhQX7c8PEZhmJewy7f4q3E+9BIKLOy4XgLuw6Q==" >
  â”‚ </script>
  â”‚ <script src="/assets/chunk.143.659eeb3647b0851a1edb.js
  â”‚ " integrity="sha256-u0+j6DkAO6s3n3b7lZfINRDEc4YiHLStB6
  â”‚ vr3kIuGxw= sha512-hvJF9duocC19ROq44t9tWCly2KQWbKYE9agc
  â”‚ xg3vYqqZR20Twul8wHes2w8WXB5lRvR8QDm5CK3J8JqoxfVnKQ==" 
  â”‚ ></script>
  â”‚     <script src="/assets/prpl-webui-96043de95c0
  â”‚ (showing 2.05kB/2.36kB)
  â””
  prepare   wait   dns-lookup   tcp-handshake   transfer-start   download   process   total 
  12ms      4ms    (cache)      1ms             2ms              5ms        430Âµs     27ms  

  âœ“  Status code is 200
  âœ“  Response time is less than 1000ms
  1. Dashboard has system status
  2. Dashboard has device info
  3. Dashboard has network summary

â†³ 2002 - Get System Health
  â”Œ
  â”‚ 'No auth token found. Please run authentication tests 
  â”‚ first.'
  â””
  GET http://192.168.1.1/api/v1/dashboard/health  
  200 OK â˜… 6ms time â˜… 246Bâ†‘ 2.57kBâ†“ size â˜… 7â†‘ 7â†“ headers â˜… 0 cookies
  â”Œ â†“ text/html â˜… text â˜… html â˜… utf8 â˜… 2.36kB
  â”‚ <!DOCTYPE html>
  â”‚ <html>
  â”‚   <head>
  â”‚     <meta charset="utf-8">
  â”‚     <meta http-equiv="X-UA-Compatible" content="IE=edg
  â”‚ e">
  â”‚     <title>PrplWebui</title>
  â”‚     <meta name="description" content="">
  â”‚     <meta name="viewport" content="width=device-width,
  â”‚  initial-scale=1">
  â”‚     
  â”‚ <meta name="prpl-webui/config/environment" content="%7
  â”‚ B%22modulePrefix%22%3A%22prpl-webui%22%2C%22environmen
  â”‚ t%22%3A%22production%22%2C%22rootURL%22%3A%22%2F%22%2C
  â”‚ %22locationType%22%3A%22auto%22%2C%22EmberENV%22%3A%7B
  â”‚ %22FEATURES%22%3A%7B%7D%2C%22EXTEND_PROTOTYPES%22%3A%7
  â”‚ B%22Date%22%3Afalse%7D%2C%22_APPLICATION_TEMPLATE_WRAP
  â”‚ PER%22%3Afalse%2C%22_DEFAULT_ASYNC_OBSERVERS%22%3Atrue
  â”‚ %2C%22_JQUERY_INTEGRATION%22%3Afalse%2C%22_TEMPLATE_ON
  â”‚ LY_GLIMMER_COMPONENTS%22%3Atrue%7D%2C%22APP%22%3A%7B%2
  â”‚ 2name%22%3A%22prpl-webui%22%2C%22version%22%3A%22prplo
  â”‚ s-v3.1.0%2B96edebbf%22%7D%2C%22ember-simple-auth%22%3A
  â”‚ %7B%22routeAfterAuthentication%22%3A%22authenticated.d
  â”‚ ashboard%22%7D%2C%22ember-cli-mirage%22%3A%7B%22usingP
  â”‚ roxy%22%3Afalse%2C%22useDefaultPassthroughs%22%3Atrue%
  â”‚ 7D%2C%22exportApplicationGlobal%22%3Afalse%7D" />
  â”‚     <link integrity="" rel="stylesheet" href="/assets/
  â”‚ vendor-d41d8cd98f00b204e9800998ecf8427e.css">
  â”‚     <link integrity="" rel="stylesheet" href="/assets/
  â”‚ prpl-webui-88543930afa6cdf0c2b1877867006671.css">
  â”‚     
  â”‚   </head>
  â”‚   <body>
  â”‚     
  â”‚     <script src="/assets/vendor-7b4b8e14de6f0af6439f2a
  â”‚ 33f78421e1.js" integrity="sha256-gcZY/IxVGqnj50Yoh84Aj
  â”‚ NK6vaUb5U0Iajxin6oVN84= sha512-+8zVhkopzcK85RVV72uUKPh
  â”‚ XOivJjZvEKajyszBs1874wLpVCbQk6zG4cU56GW9Co02XFenj1yFd3
  â”‚ 1vAckUHzA==" ></script>
  â”‚ <script src="/assets/chunk.48.118abea18a8fd45a2711.js"
  â”‚  integrity="sha256-9Luu8s+h+/07NgnawUxjiKf6YHoSC234ORl
  â”‚ +8VfcNQA= sha512-ZwcqiOYoz+oLey3AL8JQT9J41y8LfqAzbG6AC
  â”‚ iWOrVVmQAH+VhQX7c8PEZhmJewy7f4q3E+9BIKLOy4XgLuw6Q==" >
  â”‚ </script>
  â”‚ <script src="/assets/chunk.143.659eeb3647b0851a1edb.js
  â”‚ " integrity="sha256-u0+j6DkAO6s3n3b7lZfINRDEc4YiHLStB6
  â”‚ vr3kIuGxw= sha512-hvJF9duocC19ROq44t9tWCly2KQWbKYE9agc
  â”‚ xg3vYqqZR20Twul8wHes2w8WXB5lRvR8QDm5CK3J8JqoxfVnKQ==" 
  â”‚ ></script>
  â”‚     <script src="/assets/prpl-webui-96043de95c0
  â”‚ (showing 2.05kB/2.36kB)
  â””
  prepare   wait   dns-lookup   tcp-handshake   transfer-start   download   process   total 
  1ms       1ms    (cache)      (cache)         1ms              1ms        110Âµs     6ms   

  âœ“  Status code is 200
  4. Health status is valid
  5. Component health details present

â†³ 2003 - Get Real-time Metrics
  â”Œ
  â”‚ 'No auth token found. Please run authentication tests 
  â”‚ first.'
  â””
  GET http://192.168.1.1/api/v1/dashboard/metrics/realtime  
  200 OK â˜… 5ms time â˜… 256Bâ†‘ 2.57kBâ†“ size â˜… 7â†‘ 7â†“ headers â˜… 0 cookies
  â”Œ â†“ text/html â˜… text â˜… html â˜… utf8 â˜… 2.36kB
  â”‚ <!DOCTYPE html>
  â”‚ <html>
  â”‚   <head>
  â”‚     <meta charset="utf-8">
  â”‚     <meta http-equiv="X-UA-Compatible" content="IE=edg
  â”‚ e">
  â”‚     <title>PrplWebui</title>
  â”‚     <meta name="description" content="">
  â”‚     <meta name="viewport" content="width=device-width,
  â”‚  initial-scale=1">
  â”‚     
  â”‚ <meta name="prpl-webui/config/environment" content="%7
  â”‚ B%22modulePrefix%22%3A%22prpl-webui%22%2C%22environmen
  â”‚ t%22%3A%22production%22%2C%22rootURL%22%3A%22%2F%22%2C
  â”‚ %22locationType%22%3A%22auto%22%2C%22EmberENV%22%3A%7B
  â”‚ %22FEATURES%22%3A%7B%7D%2C%22EXTEND_PROTOTYPES%22%3A%7
  â”‚ B%22Date%22%3Afalse%7D%2C%22_APPLICATION_TEMPLATE_WRAP
  â”‚ PER%22%3Afalse%2C%22_DEFAULT_ASYNC_OBSERVERS%22%3Atrue
  â”‚ %2C%22_JQUERY_INTEGRATION%22%3Afalse%2C%22_TEMPLATE_ON
  â”‚ LY_GLIMMER_COMPONENTS%22%3Atrue%7D%2C%22APP%22%3A%7B%2
  â”‚ 2name%22%3A%22prpl-webui%22%2C%22version%22%3A%22prplo
  â”‚ s-v3.1.0%2B96edebbf%22%7D%2C%22ember-simple-auth%22%3A
  â”‚ %7B%22routeAfterAuthentication%22%3A%22authenticated.d
  â”‚ ashboard%22%7D%2C%22ember-cli-mirage%22%3A%7B%22usingP
  â”‚ roxy%22%3Afalse%2C%22useDefaultPassthroughs%22%3Atrue%
  â”‚ 7D%2C%22exportApplicationGlobal%22%3Afalse%7D" />
  â”‚     <link integrity="" rel="stylesheet" href="/assets/
  â”‚ vendor-d41d8cd98f00b204e9800998ecf8427e.css">
  â”‚     <link integrity="" rel="stylesheet" href="/assets/
  â”‚ prpl-webui-88543930afa6cdf0c2b1877867006671.css">
  â”‚     
  â”‚   </head>
  â”‚   <body>
  â”‚     
  â”‚     <script src="/assets/vendor-7b4b8e14de6f0af6439f2a
  â”‚ 33f78421e1.js" integrity="sha256-gcZY/IxVGqnj50Yoh84Aj
  â”‚ NK6vaUb5U0Iajxin6oVN84= sha512-+8zVhkopzcK85RVV72uUKPh
  â”‚ XOivJjZvEKajyszBs1874wLpVCbQk6zG4cU56GW9Co02XFenj1yFd3
  â”‚ 1vAckUHzA==" ></script>
  â”‚ <script src="/assets/chunk.48.118abea18a8fd45a2711.js"
  â”‚  integrity="sha256-9Luu8s+h+/07NgnawUxjiKf6YHoSC234ORl
  â”‚ +8VfcNQA= sha512-ZwcqiOYoz+oLey3AL8JQT9J41y8LfqAzbG6AC
  â”‚ iWOrVVmQAH+VhQX7c8PEZhmJewy7f4q3E+9BIKLOy4XgLuw6Q==" >
  â”‚ </script>
  â”‚ <script src="/assets/chunk.143.659eeb3647b0851a1edb.js
  â”‚ " integrity="sha256-u0+j6DkAO6s3n3b7lZfINRDEc4YiHLStB6
  â”‚ vr3kIuGxw= sha512-hvJF9duocC19ROq44t9tWCly2KQWbKYE9agc
  â”‚ xg3vYqqZR20Twul8wHes2w8WXB5lRvR8QDm5CK3J8JqoxfVnKQ==" 
  â”‚ ></script>
  â”‚     <script src="/assets/prpl-webui-96043de95c0
  â”‚ (showing 2.05kB/2.36kB)
  â””
  prepare   wait    dns-lookup   tcp-handshake   transfer-start   download   process   total 
  1ms       824Âµs   (cache)      (cache)         2ms              1ms        71Âµs      5ms   

  âœ“  Status code is 200
  6. Metrics contain timestamp
  7. CPU metrics are valid
  8. Memory metrics are valid

â†³ 2004 - Get Historical Metrics
  â”Œ
  â”‚ 'No auth token found. Please run authentication tests 
  â”‚ first.'
  â””
  GET http://192.168.1.1/api/v1/dashboard/metrics/history?period=24h&interval=1h  
  200 OK â˜… 5ms time â˜… 278Bâ†‘ 2.57kBâ†“ size â˜… 7â†‘ 7â†“ headers â˜… 0 cookies
  â”Œ â†“ text/html â˜… text â˜… html â˜… utf8 â˜… 2.36kB
  â”‚ <!DOCTYPE html>
  â”‚ <html>
  â”‚   <head>
  â”‚     <meta charset="utf-8">
  â”‚     <meta http-equiv="X-UA-Compatible" content="IE=edg
  â”‚ e">
  â”‚     <title>PrplWebui</title>
  â”‚     <meta name="description" content="">
  â”‚     <meta name="viewport" content="width=device-width,
  â”‚  initial-scale=1">
  â”‚     
  â”‚ <meta name="prpl-webui/config/environment" content="%7
  â”‚ B%22modulePrefix%22%3A%22prpl-webui%22%2C%22environmen
  â”‚ t%22%3A%22production%22%2C%22rootURL%22%3A%22%2F%22%2C
  â”‚ %22locationType%22%3A%22auto%22%2C%22EmberENV%22%3A%7B
  â”‚ %22FEATURES%22%3A%7B%7D%2C%22EXTEND_PROTOTYPES%22%3A%7
  â”‚ B%22Date%22%3Afalse%7D%2C%22_APPLICATION_TEMPLATE_WRAP
  â”‚ PER%22%3Afalse%2C%22_DEFAULT_ASYNC_OBSERVERS%22%3Atrue
  â”‚ %2C%22_JQUERY_INTEGRATION%22%3Afalse%2C%22_TEMPLATE_ON
  â”‚ LY_GLIMMER_COMPONENTS%22%3Atrue%7D%2C%22APP%22%3A%7B%2
  â”‚ 2name%22%3A%22prpl-webui%22%2C%22version%22%3A%22prplo
  â”‚ s-v3.1.0%2B96edebbf%22%7D%2C%22ember-simple-auth%22%3A
  â”‚ %7B%22routeAfterAuthentication%22%3A%22authenticated.d
  â”‚ ashboard%22%7D%2C%22ember-cli-mirage%22%3A%7B%22usingP
  â”‚ roxy%22%3Afalse%2C%22useDefaultPassthroughs%22%3Atrue%
  â”‚ 7D%2C%22exportApplicationGlobal%22%3Afalse%7D" />
  â”‚     <link integrity="" rel="stylesheet" href="/assets/
  â”‚ vendor-d41d8cd98f00b204e9800998ecf8427e.css">
  â”‚     <link integrity="" rel="stylesheet" href="/assets/
  â”‚ prpl-webui-88543930afa6cdf0c2b1877867006671.css">
  â”‚     
  â”‚   </head>
  â”‚   <body>
  â”‚     
  â”‚     <script src="/assets/vendor-7b4b8e14de6f0af6439f2a
  â”‚ 33f78421e1.js" integrity="sha256-gcZY/IxVGqnj50Yoh84Aj
  â”‚ NK6vaUb5U0Iajxin6oVN84= sha512-+8zVhkopzcK85RVV72uUKPh
  â”‚ XOivJjZvEKajyszBs1874wLpVCbQk6zG4cU56GW9Co02XFenj1yFd3
  â”‚ 1vAckUHzA==" ></script>
  â”‚ <script src="/assets/chunk.48.118abea18a8fd45a2711.js"
  â”‚  integrity="sha256-9Luu8s+h+/07NgnawUxjiKf6YHoSC234ORl
  â”‚ +8VfcNQA= sha512-ZwcqiOYoz+oLey3AL8JQT9J41y8LfqAzbG6AC
  â”‚ iWOrVVmQAH+VhQX7c8PEZhmJewy7f4q3E+9BIKLOy4XgLuw6Q==" >
  â”‚ </script>
  â”‚ <script src="/assets/chunk.143.659eeb3647b0851a1edb.js
  â”‚ " integrity="sha256-u0+j6DkAO6s3n3b7lZfINRDEc4YiHLStB6
  â”‚ vr3kIuGxw= sha512-hvJF9duocC19ROq44t9tWCly2KQWbKYE9agc
  â”‚ xg3vYqqZR20Twul8wHes2w8WXB5lRvR8QDm5CK3J8JqoxfVnKQ==" 
  â”‚ ></script>
  â”‚     <script src="/assets/prpl-webui-96043de95c0
  â”‚ (showing 2.05kB/2.36kB)
  â””
  prepare   wait    dns-lookup   tcp-handshake   transfer-start   download   process   total 
  1ms       531Âµs   (cache)      (cache)         1ms              1ms        63Âµs      5ms   

  âœ“  Status code is 200
  9. Historical data is array
 10. Data points have required fields

â†³ 2005 - Get Active Alerts
  â”Œ
  â”‚ 'No auth token found. Please run authentication tests 
  â”‚ first.'
  â””
  GET http://192.168.1.1/api/v1/dashboard/alerts/active  
  200 OK â˜… 4ms time â˜… 253Bâ†‘ 2.57kBâ†“ size â˜… 7â†‘ 7â†“ headers â˜… 0 cookies
  â”Œ â†“ text/html â˜… text â˜… html â˜… utf8 â˜… 2.36kB
  â”‚ <!DOCTYPE html>
  â”‚ <html>
  â”‚   <head>
  â”‚     <meta charset="utf-8">
  â”‚     <meta http-equiv="X-UA-Compatible" content="IE=edg
  â”‚ e">
  â”‚     <title>PrplWebui</title>
  â”‚     <meta name="description" content="">
  â”‚     <meta name="viewport" content="width=device-width,
  â”‚  initial-scale=1">
  â”‚     
  â”‚ <meta name="prpl-webui/config/environment" content="%7
  â”‚ B%22modulePrefix%22%3A%22prpl-webui%22%2C%22environmen
  â”‚ t%22%3A%22production%22%2C%22rootURL%22%3A%22%2F%22%2C
  â”‚ %22locationType%22%3A%22auto%22%2C%22EmberENV%22%3A%7B
  â”‚ %22FEATURES%22%3A%7B%7D%2C%22EXTEND_PROTOTYPES%22%3A%7
  â”‚ B%22Date%22%3Afalse%7D%2C%22_APPLICATION_TEMPLATE_WRAP
  â”‚ PER%22%3Afalse%2C%22_DEFAULT_ASYNC_OBSERVERS%22%3Atrue
  â”‚ %2C%22_JQUERY_INTEGRATION%22%3Afalse%2C%22_TEMPLATE_ON
  â”‚ LY_GLIMMER_COMPONENTS%22%3Atrue%7D%2C%22APP%22%3A%7B%2
  â”‚ 2name%22%3A%22prpl-webui%22%2C%22version%22%3A%22prplo
  â”‚ s-v3.1.0%2B96edebbf%22%7D%2C%22ember-simple-auth%22%3A
  â”‚ %7B%22routeAfterAuthentication%22%3A%22authenticated.d
  â”‚ ashboard%22%7D%2C%22ember-cli-mirage%22%3A%7B%22usingP
  â”‚ roxy%22%3Afalse%2C%22useDefaultPassthroughs%22%3Atrue%
  â”‚ 7D%2C%22exportApplicationGlobal%22%3Afalse%7D" />
  â”‚     <link integrity="" rel="stylesheet" href="/assets/
  â”‚ vendor-d41d8cd98f00b204e9800998ecf8427e.css">
  â”‚     <link integrity="" rel="stylesheet" href="/assets/
  â”‚ prpl-webui-88543930afa6cdf0c2b1877867006671.css">
  â”‚     
  â”‚   </head>
  â”‚   <body>
  â”‚     
  â”‚     <script src="/assets/vendor-7b4b8e14de6f0af6439f2a
  â”‚ 33f78421e1.js" integrity="sha256-gcZY/IxVGqnj50Yoh84Aj
  â”‚ NK6vaUb5U0Iajxin6oVN84= sha512-+8zVhkopzcK85RVV72uUKPh
  â”‚ XOivJjZvEKajyszBs1874wLpVCbQk6zG4cU56GW9Co02XFenj1yFd3
  â”‚ 1vAckUHzA==" ></script>
  â”‚ <script src="/assets/chunk.48.118abea18a8fd45a2711.js"
  â”‚  integrity="sha256-9Luu8s+h+/07NgnawUxjiKf6YHoSC234ORl
  â”‚ +8VfcNQA= sha512-ZwcqiOYoz+oLey3AL8JQT9J41y8LfqAzbG6AC
  â”‚ iWOrVVmQAH+VhQX7c8PEZhmJewy7f4q3E+9BIKLOy4XgLuw6Q==" >
  â”‚ </script>
  â”‚ <script src="/assets/chunk.143.659eeb3647b0851a1edb.js
  â”‚ " integrity="sha256-u0+j6DkAO6s3n3b7lZfINRDEc4YiHLStB6
  â”‚ vr3kIuGxw= sha512-hvJF9duocC19ROq44t9tWCly2KQWbKYE9agc
  â”‚ xg3vYqqZR20Twul8wHes2w8WXB5lRvR8QDm5CK3J8JqoxfVnKQ==" 
  â”‚ ></script>
  â”‚     <script src="/assets/prpl-webui-96043de95c0
  â”‚ (showing 2.05kB/2.36kB)
  â””
  prepare   wait    dns-lookup   tcp-handshake   transfer-start   download   process   total 
  871Âµs     458Âµs   (cache)      (cache)         1ms              1ms        99Âµs      4ms   

  âœ“  Status code is 200
 11. Alerts structure is valid
 12. Alert objects have required fields

â†³ 2006 - Get Network Status Overview
  â”Œ
  â”‚ 'No auth token found. Please run authentication tests 
  â”‚ first.'
  â””
  GET http://192.168.1.1/api/v1/dashboard/network/status  
  200 OK â˜… 4ms time â˜… 254Bâ†‘ 2.57kBâ†“ size â˜… 7â†‘ 7â†“ headers â˜… 0 cookies
  â”Œ â†“ text/html â˜… text â˜… html â˜… utf8 â˜… 2.36kB
  â”‚ <!DOCTYPE html>
  â”‚ <html>
  â”‚   <head>
  â”‚     <meta charset="utf-8">
  â”‚     <meta http-equiv="X-UA-Compatible" content="IE=edg
  â”‚ e">
  â”‚     <title>PrplWebui</title>
  â”‚     <meta name="description" content="">
  â”‚     <meta name="viewport" content="width=device-width,
  â”‚  initial-scale=1">
  â”‚     
  â”‚ <meta name="prpl-webui/config/environment" content="%7
  â”‚ B%22modulePrefix%22%3A%22prpl-webui%22%2C%22environmen
  â”‚ t%22%3A%22production%22%2C%22rootURL%22%3A%22%2F%22%2C
  â”‚ %22locationType%22%3A%22auto%22%2C%22EmberENV%22%3A%7B
  â”‚ %22FEATURES%22%3A%7B%7D%2C%22EXTEND_PROTOTYPES%22%3A%7
  â”‚ B%22Date%22%3Afalse%7D%2C%22_APPLICATION_TEMPLATE_WRAP
  â”‚ PER%22%3Afalse%2C%22_DEFAULT_ASYNC_OBSERVERS%22%3Atrue
  â”‚ %2C%22_JQUERY_INTEGRATION%22%3Afalse%2C%22_TEMPLATE_ON
  â”‚ LY_GLIMMER_COMPONENTS%22%3Atrue%7D%2C%22APP%22%3A%7B%2
  â”‚ 2name%22%3A%22prpl-webui%22%2C%22version%22%3A%22prplo
  â”‚ s-v3.1.0%2B96edebbf%22%7D%2C%22ember-simple-auth%22%3A
  â”‚ %7B%22routeAfterAuthentication%22%3A%22authenticated.d
  â”‚ ashboard%22%7D%2C%22ember-cli-mirage%22%3A%7B%22usingP
  â”‚ roxy%22%3Afalse%2C%22useDefaultPassthroughs%22%3Atrue%
  â”‚ 7D%2C%22exportApplicationGlobal%22%3Afalse%7D" />
  â”‚     <link integrity="" rel="stylesheet" href="/assets/
  â”‚ vendor-d41d8cd98f00b204e9800998ecf8427e.css">
  â”‚     <link integrity="" rel="stylesheet" href="/assets/
  â”‚ prpl-webui-88543930afa6cdf0c2b1877867006671.css">
  â”‚     
  â”‚   </head>
  â”‚   <body>
  â”‚     
  â”‚     <script src="/assets/vendor-7b4b8e14de6f0af6439f2a
  â”‚ 33f78421e1.js" integrity="sha256-gcZY/IxVGqnj50Yoh84Aj
  â”‚ NK6vaUb5U0Iajxin6oVN84= sha512-+8zVhkopzcK85RVV72uUKPh
  â”‚ XOivJjZvEKajyszBs1874wLpVCbQk6zG4cU56GW9Co02XFenj1yFd3
  â”‚ 1vAckUHzA==" ></script>
  â”‚ <script src="/assets/chunk.48.118abea18a8fd45a2711.js"
  â”‚  integrity="sha256-9Luu8s+h+/07NgnawUxjiKf6YHoSC234ORl
  â”‚ +8VfcNQA= sha512-ZwcqiOYoz+oLey3AL8JQT9J41y8LfqAzbG6AC
  â”‚ iWOrVVmQAH+VhQX7c8PEZhmJewy7f4q3E+9BIKLOy4XgLuw6Q==" >
  â”‚ </script>
  â”‚ <script src="/assets/chunk.143.659eeb3647b0851a1edb.js
  â”‚ " integrity="sha256-u0+j6DkAO6s3n3b7lZfINRDEc4YiHLStB6
  â”‚ vr3kIuGxw= sha512-hvJF9duocC19ROq44t9tWCly2KQWbKYE9agc
  â”‚ xg3vYqqZR20Twul8wHes2w8WXB5lRvR8QDm5CK3J8JqoxfVnKQ==" 
  â”‚ ></script>
  â”‚     <script src="/assets/prpl-webui-96043de95c0
  â”‚ (showing 2.05kB/2.36kB)
  â””
  prepare   wait    dns-lookup   tcp-handshake   transfer-start   download   process   total 
  818Âµs     448Âµs   (cache)      (cache)         2ms              1ms        91Âµs      4ms   

  âœ“  Status code is 200
 13. Network interfaces listed
 14. Interface data is valid

â†³ 2007 - Get Service Status
  â”Œ
  â”‚ 'No auth token found. Please run authentication tests 
  â”‚ first.'
  â””
  GET http://192.168.1.1/api/v1/dashboard/services/status  
  200 OK â˜… 4ms time â˜… 255Bâ†‘ 2.57kBâ†“ size â˜… 7â†‘ 7â†“ headers â˜… 0 cookies
  â”Œ â†“ text/html â˜… text â˜… html â˜… utf8 â˜… 2.36kB
  â”‚ <!DOCTYPE html>
  â”‚ <html>
  â”‚   <head>
  â”‚     <meta charset="utf-8">
  â”‚     <meta http-equiv="X-UA-Compatible" content="IE=edg
  â”‚ e">
  â”‚     <title>PrplWebui</title>
  â”‚     <meta name="description" content="">
  â”‚     <meta name="viewport" content="width=device-width,
  â”‚  initial-scale=1">
  â”‚     
  â”‚ <meta name="prpl-webui/config/environment" content="%7
  â”‚ B%22modulePrefix%22%3A%22prpl-webui%22%2C%22environmen
  â”‚ t%22%3A%22production%22%2C%22rootURL%22%3A%22%2F%22%2C
  â”‚ %22locationType%22%3A%22auto%22%2C%22EmberENV%22%3A%7B
  â”‚ %22FEATURES%22%3A%7B%7D%2C%22EXTEND_PROTOTYPES%22%3A%7
  â”‚ B%22Date%22%3Afalse%7D%2C%22_APPLICATION_TEMPLATE_WRAP
  â”‚ PER%22%3Afalse%2C%22_DEFAULT_ASYNC_OBSERVERS%22%3Atrue
  â”‚ %2C%22_JQUERY_INTEGRATION%22%3Afalse%2C%22_TEMPLATE_ON
  â”‚ LY_GLIMMER_COMPONENTS%22%3Atrue%7D%2C%22APP%22%3A%7B%2
  â”‚ 2name%22%3A%22prpl-webui%22%2C%22version%22%3A%22prplo
  â”‚ s-v3.1.0%2B96edebbf%22%7D%2C%22ember-simple-auth%22%3A
  â”‚ %7B%22routeAfterAuthentication%22%3A%22authenticated.d
  â”‚ ashboard%22%7D%2C%22ember-cli-mirage%22%3A%7B%22usingP
  â”‚ roxy%22%3Afalse%2C%22useDefaultPassthroughs%22%3Atrue%
  â”‚ 7D%2C%22exportApplicationGlobal%22%3Afalse%7D" />
  â”‚     <link integrity="" rel="stylesheet" href="/assets/
  â”‚ vendor-d41d8cd98f00b204e9800998ecf8427e.css">
  â”‚     <link integrity="" rel="stylesheet" href="/assets/
  â”‚ prpl-webui-88543930afa6cdf0c2b1877867006671.css">
  â”‚     
  â”‚   </head>
  â”‚   <body>
  â”‚     
  â”‚     <script src="/assets/vendor-7b4b8e14de6f0af6439f2a
  â”‚ 33f78421e1.js" integrity="sha256-gcZY/IxVGqnj50Yoh84Aj
  â”‚ NK6vaUb5U0Iajxin6oVN84= sha512-+8zVhkopzcK85RVV72uUKPh
  â”‚ XOivJjZvEKajyszBs1874wLpVCbQk6zG4cU56GW9Co02XFenj1yFd3
  â”‚ 1vAckUHzA==" ></script>
  â”‚ <script src="/assets/chunk.48.118abea18a8fd45a2711.js"
  â”‚  integrity="sha256-9Luu8s+h+/07NgnawUxjiKf6YHoSC234ORl
  â”‚ +8VfcNQA= sha512-ZwcqiOYoz+oLey3AL8JQT9J41y8LfqAzbG6AC
  â”‚ iWOrVVmQAH+VhQX7c8PEZhmJewy7f4q3E+9BIKLOy4XgLuw6Q==" >
  â”‚ </script>
  â”‚ <script src="/assets/chunk.143.659eeb3647b0851a1edb.js
  â”‚ " integrity="sha256-u0+j6DkAO6s3n3b7lZfINRDEc4YiHLStB6
  â”‚ vr3kIuGxw= sha512-hvJF9duocC19ROq44t9tWCly2KQWbKYE9agc
  â”‚ xg3vYqqZR20Twul8wHes2w8WXB5lRvR8QDm5CK3J8JqoxfVnKQ==" 
  â”‚ ></script>
  â”‚     <script src="/assets/prpl-webui-96043de95c0
  â”‚ (showing 2.05kB/2.36kB)
  â””
  prepare   wait    dns-lookup   tcp-handshake   transfer-start   download   process   total 
  1ms       546Âµs   (cache)      (cache)         1ms              1ms        58Âµs      4ms   

  âœ“  Status code is 200
 15. Services list is valid
 16. Service objects have required properties

â†³ 2008 - Dashboard Unauthorized Access
  â”Œ
  â”‚ 'No auth token found. Please run authentication tests 
  â”‚ first.'
  â””
  GET http://192.168.1.1/api/v1/dashboard/summary  
  200 OK â˜… 5ms time â˜… 247Bâ†‘ 2.57kBâ†“ size â˜… 7â†‘ 7â†“ headers â˜… 0 cookies
  â”Œ â†“ text/html â˜… text â˜… html â˜… utf8 â˜… 2.36kB
  â”‚ <!DOCTYPE html>
  â”‚ <html>
  â”‚   <head>
  â”‚     <meta charset="utf-8">
  â”‚     <meta http-equiv="X-UA-Compatible" content="IE=edg
  â”‚ e">
  â”‚     <title>PrplWebui</title>
  â”‚     <meta name="description" content="">
  â”‚     <meta name="viewport" content="width=device-width,
  â”‚  initial-scale=1">
  â”‚     
  â”‚ <meta name="prpl-webui/config/environment" content="%7
  â”‚ B%22modulePrefix%22%3A%22prpl-webui%22%2C%22environmen
  â”‚ t%22%3A%22production%22%2C%22rootURL%22%3A%22%2F%22%2C
  â”‚ %22locationType%22%3A%22auto%22%2C%22EmberENV%22%3A%7B
  â”‚ %22FEATURES%22%3A%7B%7D%2C%22EXTEND_PROTOTYPES%22%3A%7
  â”‚ B%22Date%22%3Afalse%7D%2C%22_APPLICATION_TEMPLATE_WRAP
  â”‚ PER%22%3Afalse%2C%22_DEFAULT_ASYNC_OBSERVERS%22%3Atrue
  â”‚ %2C%22_JQUERY_INTEGRATION%22%3Afalse%2C%22_TEMPLATE_ON
  â”‚ LY_GLIMMER_COMPONENTS%22%3Atrue%7D%2C%22APP%22%3A%7B%2
  â”‚ 2name%22%3A%22prpl-webui%22%2C%22version%22%3A%22prplo
  â”‚ s-v3.1.0%2B96edebbf%22%7D%2C%22ember-simple-auth%22%3A
  â”‚ %7B%22routeAfterAuthentication%22%3A%22authenticated.d
  â”‚ ashboard%22%7D%2C%22ember-cli-mirage%22%3A%7B%22usingP
  â”‚ roxy%22%3Afalse%2C%22useDefaultPassthroughs%22%3Atrue%
  â”‚ 7D%2C%22exportApplicationGlobal%22%3Afalse%7D" />
  â”‚     <link integrity="" rel="stylesheet" href="/assets/
  â”‚ vendor-d41d8cd98f00b204e9800998ecf8427e.css">
  â”‚     <link integrity="" rel="stylesheet" href="/assets/
  â”‚ prpl-webui-88543930afa6cdf0c2b1877867006671.css">
  â”‚     
  â”‚   </head>
  â”‚   <body>
  â”‚     
  â”‚     <script src="/assets/vendor-7b4b8e14de6f0af6439f2a
  â”‚ 33f78421e1.js" integrity="sha256-gcZY/IxVGqnj50Yoh84Aj
  â”‚ NK6vaUb5U0Iajxin6oVN84= sha512-+8zVhkopzcK85RVV72uUKPh
  â”‚ XOivJjZvEKajyszBs1874wLpVCbQk6zG4cU56GW9Co02XFenj1yFd3
  â”‚ 1vAckUHzA==" ></script>
  â”‚ <script src="/assets/chunk.48.118abea18a8fd45a2711.js"
  â”‚  integrity="sha256-9Luu8s+h+/07NgnawUxjiKf6YHoSC234ORl
  â”‚ +8VfcNQA= sha512-ZwcqiOYoz+oLey3AL8JQT9J41y8LfqAzbG6AC
  â”‚ iWOrVVmQAH+VhQX7c8PEZhmJewy7f4q3E+9BIKLOy4XgLuw6Q==" >
  â”‚ </script>
  â”‚ <script src="/assets/chunk.143.659eeb3647b0851a1edb.js
  â”‚ " integrity="sha256-u0+j6DkAO6s3n3b7lZfINRDEc4YiHLStB6
  â”‚ vr3kIuGxw= sha512-hvJF9duocC19ROq44t9tWCly2KQWbKYE9agc
  â”‚ xg3vYqqZR20Twul8wHes2w8WXB5lRvR8QDm5CK3J8JqoxfVnKQ==" 
  â”‚ ></script>
  â”‚     <script src="/assets/prpl-webui-96043de95c0
  â”‚ (showing 2.05kB/2.36kB)
  â””
  prepare   wait    dns-lookup   tcp-handshake   transfer-start   download   process   total 
  1ms       625Âµs   (cache)      (cache)         1ms              1ms        147Âµs     6ms   

 17. Status code is 401
 18. Error message for unauthorized access

â Dashboard Widgets
â†³ 2101 - Get Widget Configuration
  â”Œ
  â”‚ 'No auth token found. Please run authentication tests 
  â”‚ first.'
  â””
  GET http://192.168.1.1/api/v1/dashboard/widgets/config  
  200 OK â˜… 4ms time â˜… 254Bâ†‘ 2.57kBâ†“ size â˜… 7â†‘ 7â†“ headers â˜… 0 cookies
  â”Œ â†“ text/html â˜… text â˜… html â˜… utf8 â˜… 2.36kB
  â”‚ <!DOCTYPE html>
  â”‚ <html>
  â”‚   <head>
  â”‚     <meta charset="utf-8">
  â”‚     <meta http-equiv="X-UA-Compatible" content="IE=edg
  â”‚ e">
  â”‚     <title>PrplWebui</title>
  â”‚     <meta name="description" content="">
  â”‚     <meta name="viewport" content="width=device-width,
  â”‚  initial-scale=1">
  â”‚     
  â”‚ <meta name="prpl-webui/config/environment" content="%7
  â”‚ B%22modulePrefix%22%3A%22prpl-webui%22%2C%22environmen
  â”‚ t%22%3A%22production%22%2C%22rootURL%22%3A%22%2F%22%2C
  â”‚ %22locationType%22%3A%22auto%22%2C%22EmberENV%22%3A%7B
  â”‚ %22FEATURES%22%3A%7B%7D%2C%22EXTEND_PROTOTYPES%22%3A%7
  â”‚ B%22Date%22%3Afalse%7D%2C%22_APPLICATION_TEMPLATE_WRAP
  â”‚ PER%22%3Afalse%2C%22_DEFAULT_ASYNC_OBSERVERS%22%3Atrue
  â”‚ %2C%22_JQUERY_INTEGRATION%22%3Afalse%2C%22_TEMPLATE_ON
  â”‚ LY_GLIMMER_COMPONENTS%22%3Atrue%7D%2C%22APP%22%3A%7B%2
  â”‚ 2name%22%3A%22prpl-webui%22%2C%22version%22%3A%22prplo
  â”‚ s-v3.1.0%2B96edebbf%22%7D%2C%22ember-simple-auth%22%3A
  â”‚ %7B%22routeAfterAuthentication%22%3A%22authenticated.d
  â”‚ ashboard%22%7D%2C%22ember-cli-mirage%22%3A%7B%22usingP
  â”‚ roxy%22%3Afalse%2C%22useDefaultPassthroughs%22%3Atrue%
  â”‚ 7D%2C%22exportApplicationGlobal%22%3Afalse%7D" />
  â”‚     <link integrity="" rel="stylesheet" href="/assets/
  â”‚ vendor-d41d8cd98f00b204e9800998ecf8427e.css">
  â”‚     <link integrity="" rel="stylesheet" href="/assets/
  â”‚ prpl-webui-88543930afa6cdf0c2b1877867006671.css">
  â”‚     
  â”‚   </head>
  â”‚   <body>
  â”‚     
  â”‚     <script src="/assets/vendor-7b4b8e14de6f0af6439f2a
  â”‚ 33f78421e1.js" integrity="sha256-gcZY/IxVGqnj50Yoh84Aj
  â”‚ NK6vaUb5U0Iajxin6oVN84= sha512-+8zVhkopzcK85RVV72uUKPh
  â”‚ XOivJjZvEKajyszBs1874wLpVCbQk6zG4cU56GW9Co02XFenj1yFd3
  â”‚ 1vAckUHzA==" ></script>
  â”‚ <script src="/assets/chunk.48.118abea18a8fd45a2711.js"
  â”‚  integrity="sha256-9Luu8s+h+/07NgnawUxjiKf6YHoSC234ORl
  â”‚ +8VfcNQA= sha512-ZwcqiOYoz+oLey3AL8JQT9J41y8LfqAzbG6AC
  â”‚ iWOrVVmQAH+VhQX7c8PEZhmJewy7f4q3E+9BIKLOy4XgLuw6Q==" >
  â”‚ </script>
  â”‚ <script src="/assets/chunk.143.659eeb3647b0851a1edb.js
  â”‚ " integrity="sha256-u0+j6DkAO6s3n3b7lZfINRDEc4YiHLStB6
  â”‚ vr3kIuGxw= sha512-hvJF9duocC19ROq44t9tWCly2KQWbKYE9agc
  â”‚ xg3vYqqZR20Twul8wHes2w8WXB5lRvR8QDm5CK3J8JqoxfVnKQ==" 
  â”‚ ></script>
  â”‚     <script src="/assets/prpl-webui-96043de95c0
  â”‚ (showing 2.05kB/2.36kB)
  â””
  prepare   wait    dns-lookup   tcp-handshake   transfer-start   download   process   total 
  968Âµs     393Âµs   (cache)      (cache)         2ms              1ms        66Âµs      4ms   

  âœ“  Status code is 200
 19. Widget configuration returned
 20. Widget structure is valid

â†³ 2102 - Update Widget Configuration
  â”Œ
  â”‚ 'No auth token found. Please run authentication tests 
  â”‚ first.'
  â””
  PUT http://192.168.1.1/api/v1/dashboard/widgets/config  
  501 Not Implemented â˜… 5ms time â˜… 742Bâ†‘ 329Bâ†“ size â˜… 9â†‘ 5â†“ headers â˜… 0 cookies
  â”Œ â†‘ raw â˜… 435B
  â”‚ {
  â”‚     "widgets": [
  â”‚         {
  â”‚             "id": "cpu_widget",
  â”‚             "type": "gauge",
  â”‚             "position": { "x": 0, "y": 0 },
  â”‚             "size": { "width": 4, "height": 3 },
  â”‚             "enabled": true
  â”‚         },
  â”‚         {
  â”‚             "id": "network_widget",
  â”‚             "type": "graph",
  â”‚             "position": { "x": 4, "y": 0 },
  â”‚             "size": { "width": 8, "height": 3 },
  â”‚             "enabled": true
  â”‚         }
  â”‚     ]
  â”‚ }
  â”” 
  â”Œ â†“ text/html â˜… text â˜… html â˜… utf8 â˜… 170B
  â”‚ <!DOCTYPE html>
  â”‚ <html lang="en">
  â”‚  <head>
  â”‚   <meta charset="UTF-8" />
  â”‚   <title>501 Not Implemented</title>
  â”‚  </head>
  â”‚  <body>
  â”‚   <h1>501 Not Implemented</h1>
  â”‚  </body>
  â”‚ </html>
  â””
  prepare   wait    dns-lookup   tcp-handshake   transfer-start   download   process   total 
  1ms       912Âµs   (cache)      (cache)         2ms              1ms        75Âµs      5ms   

 21. Status code is 200
 22. Configuration updated successfully

â†³ 2103 - Get Widget Data
  â”Œ
  â”‚ 'No auth token found. Please run authentication tests 
  â”‚ first.'
  â””
  GET http://192.168.1.1/api/v1/dashboard/widgets/cpu_widget/data  
  200 OK â˜… 6ms time â˜… 263Bâ†‘ 2.57kBâ†“ size â˜… 7â†‘ 7â†“ headers â˜… 0 cookies
  â”Œ â†“ text/html â˜… text â˜… html â˜… utf8 â˜… 2.36kB
  â”‚ <!DOCTYPE html>
  â”‚ <html>
  â”‚   <head>
  â”‚     <meta charset="utf-8">
  â”‚     <meta http-equiv="X-UA-Compatible" content="IE=edg
  â”‚ e">
  â”‚     <title>PrplWebui</title>
  â”‚     <meta name="description" content="">
  â”‚     <meta name="viewport" content="width=device-width,
  â”‚  initial-scale=1">
  â”‚     
  â”‚ <meta name="prpl-webui/config/environment" content="%7
  â”‚ B%22modulePrefix%22%3A%22prpl-webui%22%2C%22environmen
  â”‚ t%22%3A%22production%22%2C%22rootURL%22%3A%22%2F%22%2C
  â”‚ %22locationType%22%3A%22auto%22%2C%22EmberENV%22%3A%7B
  â”‚ %22FEATURES%22%3A%7B%7D%2C%22EXTEND_PROTOTYPES%22%3A%7
  â”‚ B%22Date%22%3Afalse%7D%2C%22_APPLICATION_TEMPLATE_WRAP
  â”‚ PER%22%3Afalse%2C%22_DEFAULT_ASYNC_OBSERVERS%22%3Atrue
  â”‚ %2C%22_JQUERY_INTEGRATION%22%3Afalse%2C%22_TEMPLATE_ON
  â”‚ LY_GLIMMER_COMPONENTS%22%3Atrue%7D%2C%22APP%22%3A%7B%2
  â”‚ 2name%22%3A%22prpl-webui%22%2C%22version%22%3A%22prplo
  â”‚ s-v3.1.0%2B96edebbf%22%7D%2C%22ember-simple-auth%22%3A
  â”‚ %7B%22routeAfterAuthentication%22%3A%22authenticated.d
  â”‚ ashboard%22%7D%2C%22ember-cli-mirage%22%3A%7B%22usingP
  â”‚ roxy%22%3Afalse%2C%22useDefaultPassthroughs%22%3Atrue%
  â”‚ 7D%2C%22exportApplicationGlobal%22%3Afalse%7D" />
  â”‚     <link integrity="" rel="stylesheet" href="/assets/
  â”‚ vendor-d41d8cd98f00b204e9800998ecf8427e.css">
  â”‚     <link integrity="" rel="stylesheet" href="/assets/
  â”‚ prpl-webui-88543930afa6cdf0c2b1877867006671.css">
  â”‚     
  â”‚   </head>
  â”‚   <body>
  â”‚     
  â”‚     <script src="/assets/vendor-7b4b8e14de6f0af6439f2a
  â”‚ 33f78421e1.js" integrity="sha256-gcZY/IxVGqnj50Yoh84Aj
  â”‚ NK6vaUb5U0Iajxin6oVN84= sha512-+8zVhkopzcK85RVV72uUKPh
  â”‚ XOivJjZvEKajyszBs1874wLpVCbQk6zG4cU56GW9Co02XFenj1yFd3
  â”‚ 1vAckUHzA==" ></script>
  â”‚ <script src="/assets/chunk.48.118abea18a8fd45a2711.js"
  â”‚  integrity="sha256-9Luu8s+h+/07NgnawUxjiKf6YHoSC234ORl
  â”‚ +8VfcNQA= sha512-ZwcqiOYoz+oLey3AL8JQT9J41y8LfqAzbG6AC
  â”‚ iWOrVVmQAH+VhQX7c8PEZhmJewy7f4q3E+9BIKLOy4XgLuw6Q==" >
  â”‚ </script>
  â”‚ <script src="/assets/chunk.143.659eeb3647b0851a1edb.js
  â”‚ " integrity="sha256-u0+j6DkAO6s3n3b7lZfINRDEc4YiHLStB6
  â”‚ vr3kIuGxw= sha512-hvJF9duocC19ROq44t9tWCly2KQWbKYE9agc
  â”‚ xg3vYqqZR20Twul8wHes2w8WXB5lRvR8QDm5CK3J8JqoxfVnKQ==" 
  â”‚ ></script>
  â”‚     <script src="/assets/prpl-webui-96043de95c0
  â”‚ (showing 2.05kB/2.36kB)
  â””
  prepare   wait   dns-lookup   tcp-handshake   transfer-start   download   process   total 
  929Âµs     1ms    (cache)      769Âµs           1ms              1ms        190Âµs     6ms   

  âœ“  Status code is 200
 23. Widget data returned

â†³ 2104 - Invalid Widget Request
  â”Œ
  â”‚ 'No auth token found. Please run authentication tests 
  â”‚ first.'
  â””
  GET http://192.168.1.1/api/v1/dashboard/widgets/non_existent_widget/data  
  200 OK â˜… 4ms time â˜… 272Bâ†‘ 2.57kBâ†“ size â˜… 7â†‘ 7â†“ headers â˜… 0 cookies
  â”Œ â†“ text/html â˜… text â˜… html â˜… utf8 â˜… 2.36kB
  â”‚ <!DOCTYPE html>
  â”‚ <html>
  â”‚   <head>
  â”‚     <meta charset="utf-8">
  â”‚     <meta http-equiv="X-UA-Compatible" content="IE=edg
  â”‚ e">
  â”‚     <title>PrplWebui</title>
  â”‚     <meta name="description" content="">
  â”‚     <meta name="viewport" content="width=device-width,
  â”‚  initial-scale=1">
  â”‚     
  â”‚ <meta name="prpl-webui/config/environment" content="%7
  â”‚ B%22modulePrefix%22%3A%22prpl-webui%22%2C%22environmen
  â”‚ t%22%3A%22production%22%2C%22rootURL%22%3A%22%2F%22%2C
  â”‚ %22locationType%22%3A%22auto%22%2C%22EmberENV%22%3A%7B
  â”‚ %22FEATURES%22%3A%7B%7D%2C%22EXTEND_PROTOTYPES%22%3A%7
  â”‚ B%22Date%22%3Afalse%7D%2C%22_APPLICATION_TEMPLATE_WRAP
  â”‚ PER%22%3Afalse%2C%22_DEFAULT_ASYNC_OBSERVERS%22%3Atrue
  â”‚ %2C%22_JQUERY_INTEGRATION%22%3Afalse%2C%22_TEMPLATE_ON
  â”‚ LY_GLIMMER_COMPONENTS%22%3Atrue%7D%2C%22APP%22%3A%7B%2
  â”‚ 2name%22%3A%22prpl-webui%22%2C%22version%22%3A%22prplo
  â”‚ s-v3.1.0%2B96edebbf%22%7D%2C%22ember-simple-auth%22%3A
  â”‚ %7B%22routeAfterAuthentication%22%3A%22authenticated.d
  â”‚ ashboard%22%7D%2C%22ember-cli-mirage%22%3A%7B%22usingP
  â”‚ roxy%22%3Afalse%2C%22useDefaultPassthroughs%22%3Atrue%
  â”‚ 7D%2C%22exportApplicationGlobal%22%3Afalse%7D" />
  â”‚     <link integrity="" rel="stylesheet" href="/assets/
  â”‚ vendor-d41d8cd98f00b204e9800998ecf8427e.css">
  â”‚     <link integrity="" rel="stylesheet" href="/assets/
  â”‚ prpl-webui-88543930afa6cdf0c2b1877867006671.css">
  â”‚     
  â”‚   </head>
  â”‚   <body>
  â”‚     
  â”‚     <script src="/assets/vendor-7b4b8e14de6f0af6439f2a
  â”‚ 33f78421e1.js" integrity="sha256-gcZY/IxVGqnj50Yoh84Aj
  â”‚ NK6vaUb5U0Iajxin6oVN84= sha512-+8zVhkopzcK85RVV72uUKPh
  â”‚ XOivJjZvEKajyszBs1874wLpVCbQk6zG4cU56GW9Co02XFenj1yFd3
  â”‚ 1vAckUHzA==" ></script>
  â”‚ <script src="/assets/chunk.48.118abea18a8fd45a2711.js"
  â”‚  integrity="sha256-9Luu8s+h+/07NgnawUxjiKf6YHoSC234ORl
  â”‚ +8VfcNQA= sha512-ZwcqiOYoz+oLey3AL8JQT9J41y8LfqAzbG6AC
  â”‚ iWOrVVmQAH+VhQX7c8PEZhmJewy7f4q3E+9BIKLOy4XgLuw6Q==" >
  â”‚ </script>
  â”‚ <script src="/assets/chunk.143.659eeb3647b0851a1edb.js
  â”‚ " integrity="sha256-u0+j6DkAO6s3n3b7lZfINRDEc4YiHLStB6
  â”‚ vr3kIuGxw= sha512-hvJF9duocC19ROq44t9tWCly2KQWbKYE9agc
  â”‚ xg3vYqqZR20Twul8wHes2w8WXB5lRvR8QDm5CK3J8JqoxfVnKQ==" 
  â”‚ ></script>
  â”‚     <script src="/assets/prpl-webui-96043de95c0
  â”‚ (showing 2.05kB/2.36kB)
  â””
  prepare   wait    dns-lookup   tcp-handshake   transfer-start   download   process   total 
  757Âµs     540Âµs   (cache)      (cache)         2ms              1ms        122Âµs     4ms   

 24. Status code is 404
 25. Error for non-existent widget

â Performance Tests
â†³ 2201 - Dashboard Load Test
  â”Œ
  â”‚ 'No auth token found. Please run authentication tests 
  â”‚ first.'
  â””
  GET http://192.168.1.1/api/v1/dashboard/summary  
  200 OK â˜… 4ms time â˜… 247Bâ†‘ 2.57kBâ†“ size â˜… 7â†‘ 7â†“ headers â˜… 0 cookies
  â”Œ â†“ text/html â˜… text â˜… html â˜… utf8 â˜… 2.36kB
  â”‚ <!DOCTYPE html>
  â”‚ <html>
  â”‚   <head>
  â”‚     <meta charset="utf-8">
  â”‚     <meta http-equiv="X-UA-Compatible" content="IE=edg
  â”‚ e">
  â”‚     <title>PrplWebui</title>
  â”‚     <meta name="description" content="">
  â”‚     <meta name="viewport" content="width=device-width,
  â”‚  initial-scale=1">
  â”‚     
  â”‚ <meta name="prpl-webui/config/environment" content="%7
  â”‚ B%22modulePrefix%22%3A%22prpl-webui%22%2C%22environmen
  â”‚ t%22%3A%22production%22%2C%22rootURL%22%3A%22%2F%22%2C
  â”‚ %22locationType%22%3A%22auto%22%2C%22EmberENV%22%3A%7B
  â”‚ %22FEATURES%22%3A%7B%7D%2C%22EXTEND_PROTOTYPES%22%3A%7
  â”‚ B%22Date%22%3Afalse%7D%2C%22_APPLICATION_TEMPLATE_WRAP
  â”‚ PER%22%3Afalse%2C%22_DEFAULT_ASYNC_OBSERVERS%22%3Atrue
  â”‚ %2C%22_JQUERY_INTEGRATION%22%3Afalse%2C%22_TEMPLATE_ON
  â”‚ LY_GLIMMER_COMPONENTS%22%3Atrue%7D%2C%22APP%22%3A%7B%2
  â”‚ 2name%22%3A%22prpl-webui%22%2C%22version%22%3A%22prplo
  â”‚ s-v3.1.0%2B96edebbf%22%7D%2C%22ember-simple-auth%22%3A
  â”‚ %7B%22routeAfterAuthentication%22%3A%22authenticated.d
  â”‚ ashboard%22%7D%2C%22ember-cli-mirage%22%3A%7B%22usingP
  â”‚ roxy%22%3Afalse%2C%22useDefaultPassthroughs%22%3Atrue%
  â”‚ 7D%2C%22exportApplicationGlobal%22%3Afalse%7D" />
  â”‚     <link integrity="" rel="stylesheet" href="/assets/
  â”‚ vendor-d41d8cd98f00b204e9800998ecf8427e.css">
  â”‚     <link integrity="" rel="stylesheet" href="/assets/
  â”‚ prpl-webui-88543930afa6cdf0c2b1877867006671.css">
  â”‚     
  â”‚   </head>
  â”‚   <body>
  â”‚     
  â”‚     <script src="/assets/vendor-7b4b8e14de6f0af6439f2a
  â”‚ 33f78421e1.js" integrity="sha256-gcZY/IxVGqnj50Yoh84Aj
  â”‚ NK6vaUb5U0Iajxin6oVN84= sha512-+8zVhkopzcK85RVV72uUKPh
  â”‚ XOivJjZvEKajyszBs1874wLpVCbQk6zG4cU56GW9Co02XFenj1yFd3
  â”‚ 1vAckUHzA==" ></script>
  â”‚ <script src="/assets/chunk.48.118abea18a8fd45a2711.js"
  â”‚  integrity="sha256-9Luu8s+h+/07NgnawUxjiKf6YHoSC234ORl
  â”‚ +8VfcNQA= sha512-ZwcqiOYoz+oLey3AL8JQT9J41y8LfqAzbG6AC
  â”‚ iWOrVVmQAH+VhQX7c8PEZhmJewy7f4q3E+9BIKLOy4XgLuw6Q==" >
  â”‚ </script>
  â”‚ <script src="/assets/chunk.143.659eeb3647b0851a1edb.js
  â”‚ " integrity="sha256-u0+j6DkAO6s3n3b7lZfINRDEc4YiHLStB6
  â”‚ vr3kIuGxw= sha512-hvJF9duocC19ROq44t9tWCly2KQWbKYE9agc
  â”‚ xg3vYqqZR20Twul8wHes2w8WXB5lRvR8QDm5CK3J8JqoxfVnKQ==" 
  â”‚ ></script>
  â”‚     <script src="/assets/prpl-webui-96043de95c0
  â”‚ (showing 2.05kB/2.36kB)
  â””
  prepare   wait    dns-lookup   tcp-handshake   transfer-start   download   process   total 
  949Âµs     556Âµs   (cache)      (cache)         1ms              1ms        81Âµs      4ms   

  âœ“  Dashboard loads within 2 seconds
 26. All critical data present

â†³ 2202 - Concurrent Widget Requests
  â”Œ
  â”‚ 'No auth token found. Please run authentication tests 
  â”‚ first.'
  â””
  GET http://192.168.1.1/api/v1/dashboard/metrics/realtime  
  200 OK â˜… 4ms time â˜… 256Bâ†‘ 2.57kBâ†“ size â˜… 7â†‘ 7â†“ headers â˜… 0 cookies
  â”Œ â†“ text/html â˜… text â˜… html â˜… utf8 â˜… 2.36kB
  â”‚ <!DOCTYPE html>
  â”‚ <html>
  â”‚   <head>
  â”‚     <meta charset="utf-8">
  â”‚     <meta http-equiv="X-UA-Compatible" content="IE=edg
  â”‚ e">
  â”‚     <title>PrplWebui</title>
  â”‚     <meta name="description" content="">
  â”‚     <meta name="viewport" content="width=device-width,
  â”‚  initial-scale=1">
  â”‚     
  â”‚ <meta name="prpl-webui/config/environment" content="%7
  â”‚ B%22modulePrefix%22%3A%22prpl-webui%22%2C%22environmen
  â”‚ t%22%3A%22production%22%2C%22rootURL%22%3A%22%2F%22%2C
  â”‚ %22locationType%22%3A%22auto%22%2C%22EmberENV%22%3A%7B
  â”‚ %22FEATURES%22%3A%7B%7D%2C%22EXTEND_PROTOTYPES%22%3A%7
  â”‚ B%22Date%22%3Afalse%7D%2C%22_APPLICATION_TEMPLATE_WRAP
  â”‚ PER%22%3Afalse%2C%22_DEFAULT_ASYNC_OBSERVERS%22%3Atrue
  â”‚ %2C%22_JQUERY_INTEGRATION%22%3Afalse%2C%22_TEMPLATE_ON
  â”‚ LY_GLIMMER_COMPONENTS%22%3Atrue%7D%2C%22APP%22%3A%7B%2
  â”‚ 2name%22%3A%22prpl-webui%22%2C%22version%22%3A%22prplo
  â”‚ s-v3.1.0%2B96edebbf%22%7D%2C%22ember-simple-auth%22%3A
  â”‚ %7B%22routeAfterAuthentication%22%3A%22authenticated.d
  â”‚ ashboard%22%7D%2C%22ember-cli-mirage%22%3A%7B%22usingP
  â”‚ roxy%22%3Afalse%2C%22useDefaultPassthroughs%22%3Atrue%
  â”‚ 7D%2C%22exportApplicationGlobal%22%3Afalse%7D" />
  â”‚     <link integrity="" rel="stylesheet" href="/assets/
  â”‚ vendor-d41d8cd98f00b204e9800998ecf8427e.css">
  â”‚     <link integrity="" rel="stylesheet" href="/assets/
  â”‚ prpl-webui-88543930afa6cdf0c2b1877867006671.css">
  â”‚     
  â”‚   </head>
  â”‚   <body>
  â”‚     
  â”‚     <script src="/assets/vendor-7b4b8e14de6f0af6439f2a
  â”‚ 33f78421e1.js" integrity="sha256-gcZY/IxVGqnj50Yoh84Aj
  â”‚ NK6vaUb5U0Iajxin6oVN84= sha512-+8zVhkopzcK85RVV72uUKPh
  â”‚ XOivJjZvEKajyszBs1874wLpVCbQk6zG4cU56GW9Co02XFenj1yFd3
  â”‚ 1vAckUHzA==" ></script>
  â”‚ <script src="/assets/chunk.48.118abea18a8fd45a2711.js"
  â”‚  integrity="sha256-9Luu8s+h+/07NgnawUxjiKf6YHoSC234ORl
  â”‚ +8VfcNQA= sha512-ZwcqiOYoz+oLey3AL8JQT9J41y8LfqAzbG6AC
  â”‚ iWOrVVmQAH+VhQX7c8PEZhmJewy7f4q3E+9BIKLOy4XgLuw6Q==" >
  â”‚ </script>
  â”‚ <script src="/assets/chunk.143.659eeb3647b0851a1edb.js
  â”‚ " integrity="sha256-u0+j6DkAO6s3n3b7lZfINRDEc4YiHLStB6
  â”‚ vr3kIuGxw= sha512-hvJF9duocC19ROq44t9tWCly2KQWbKYE9agc
  â”‚ xg3vYqqZR20Twul8wHes2w8WXB5lRvR8QDm5CK3J8JqoxfVnKQ==" 
  â”‚ ></script>
  â”‚     <script src="/assets/prpl-webui-96043de95c0
  â”‚ (showing 2.05kB/2.36kB)
  â””
  prepare   wait    dns-lookup   tcp-handshake   transfer-start   download   process   total 
  902Âµs     600Âµs   (cache)      (cache)         1ms              930Âµs      52Âµs      4ms   

  âœ“  Widget responds quickly under load
 27. Data integrity maintained

â”Œâ”€â”€â”€â”€â”€â”€â”€â”€â”€â”€â”€â”€â”€â”€â”€â”€â”€â”€â”€â”€â”€â”€â”€â”€â”€â”¬â”€â”€â”€â”€â”€â”€â”€â”€â”€â”€â”€â”€â”€â”€â”€â”€â”€â”€â”€â”¬â”€â”€â”€â”€â”€â”€â”€â”€â”€â”€â”€â”€â”€â”€â”€â”€â”€â”€â”
â”‚                         â”‚          executed â”‚           failed â”‚
â”œâ”€â”€â”€â”€â”€â”€â”€â”€â”€â”€â”€â”€â”€â”€â”€â”€â”€â”€â”€â”€â”€â”€â”€â”€â”€â”¼â”€â”€â”€â”€â”€â”€â”€â”€â”€â”€â”€â”€â”€â”€â”€â”€â”€â”€â”€â”¼â”€â”€â”€â”€â”€â”€â”€â”€â”€â”€â”€â”€â”€â”€â”€â”€â”€â”€â”¤
â”‚              iterations â”‚                 1 â”‚                0 â”‚
â”œâ”€â”€â”€â”€â”€â”€â”€â”€â”€â”€â”€â”€â”€â”€â”€â”€â”€â”€â”€â”€â”€â”€â”€â”€â”€â”¼â”€â”€â”€â”€â”€â”€â”€â”€â”€â”€â”€â”€â”€â”€â”€â”€â”€â”€â”€â”¼â”€â”€â”€â”€â”€â”€â”€â”€â”€â”€â”€â”€â”€â”€â”€â”€â”€â”€â”¤
â”‚                requests â”‚                14 â”‚                0 â”‚
â”œâ”€â”€â”€â”€â”€â”€â”€â”€â”€â”€â”€â”€â”€â”€â”€â”€â”€â”€â”€â”€â”€â”€â”€â”€â”€â”¼â”€â”€â”€â”€â”€â”€â”€â”€â”€â”€â”€â”€â”€â”€â”€â”€â”€â”€â”€â”¼â”€â”€â”€â”€â”€â”€â”€â”€â”€â”€â”€â”€â”€â”€â”€â”€â”€â”€â”¤
â”‚            test-scripts â”‚                14 â”‚                0 â”‚
â”œâ”€â”€â”€â”€â”€â”€â”€â”€â”€â”€â”€â”€â”€â”€â”€â”€â”€â”€â”€â”€â”€â”€â”€â”€â”€â”¼â”€â”€â”€â”€â”€â”€â”€â”€â”€â”€â”€â”€â”€â”€â”€â”€â”€â”€â”€â”¼â”€â”€â”€â”€â”€â”€â”€â”€â”€â”€â”€â”€â”€â”€â”€â”€â”€â”€â”¤
â”‚      prerequest-scripts â”‚                14 â”‚                0 â”‚
â”œâ”€â”€â”€â”€â”€â”€â”€â”€â”€â”€â”€â”€â”€â”€â”€â”€â”€â”€â”€â”€â”€â”€â”€â”€â”€â”¼â”€â”€â”€â”€â”€â”€â”€â”€â”€â”€â”€â”€â”€â”€â”€â”€â”€â”€â”€â”¼â”€â”€â”€â”€â”€â”€â”€â”€â”€â”€â”€â”€â”€â”€â”€â”€â”€â”€â”¤
â”‚              assertions â”‚                39 â”‚               27 â”‚
â”œâ”€â”€â”€â”€â”€â”€â”€â”€â”€â”€â”€â”€â”€â”€â”€â”€â”€â”€â”€â”€â”€â”€â”€â”€â”€â”´â”€â”€â”€â”€â”€â”€â”€â”€â”€â”€â”€â”€â”€â”€â”€â”€â”€â”€â”€â”´â”€â”€â”€â”€â”€â”€â”€â”€â”€â”€â”€â”€â”€â”€â”€â”€â”€â”€â”¤
â”‚ total run duration: 1936ms                                     â”‚
â”œâ”€â”€â”€â”€â”€â”€â”€â”€â”€â”€â”€â”€â”€â”€â”€â”€â”€â”€â”€â”€â”€â”€â”€â”€â”€â”€â”€â”€â”€â”€â”€â”€â”€â”€â”€â”€â”€â”€â”€â”€â”€â”€â”€â”€â”€â”€â”€â”€â”€â”€â”€â”€â”€â”€â”€â”€â”€â”€â”€â”€â”€â”€â”€â”€â”¤
â”‚ total data received: 30.81kB (approx)                          â”‚
â”œâ”€â”€â”€â”€â”€â”€â”€â”€â”€â”€â”€â”€â”€â”€â”€â”€â”€â”€â”€â”€â”€â”€â”€â”€â”€â”€â”€â”€â”€â”€â”€â”€â”€â”€â”€â”€â”€â”€â”€â”€â”€â”€â”€â”€â”€â”€â”€â”€â”€â”€â”€â”€â”€â”€â”€â”€â”€â”€â”€â”€â”€â”€â”€â”€â”¤
â”‚ average response time: 5ms [min: 4ms, max: 15ms, s.d.: 2ms]    â”‚
â”œâ”€â”€â”€â”€â”€â”€â”€â”€â”€â”€â”€â”€â”€â”€â”€â”€â”€â”€â”€â”€â”€â”€â”€â”€â”€â”€â”€â”€â”€â”€â”€â”€â”€â”€â”€â”€â”€â”€â”€â”€â”€â”€â”€â”€â”€â”€â”€â”€â”€â”€â”€â”€â”€â”€â”€â”€â”€â”€â”€â”€â”€â”€â”€â”€â”¤
â”‚ average first byte time: 2ms [min: 1ms, max: 2ms, s.d.: 307Âµs] â”‚
â””â”€â”€â”€â”€â”€â”€â”€â”€â”€â”€â”€â”€â”€â”€â”€â”€â”€â”€â”€â”€â”€â”€â”€â”€â”€â”€â”€â”€â”€â”€â”€â”€â”€â”€â”€â”€â”€â”€â”€â”€â”€â”€â”€â”€â”€â”€â”€â”€â”€â”€â”€â”€â”€â”€â”€â”€â”€â”€â”€â”€â”€â”€â”€â”€â”˜

[31m   # [39m[31m failure        [39m[31m detail                                                             [39m
[90m     [39m[90m                [39m[90m                                                                    [39m
 01.  JSONError       Dashboard has system status                                        
                      Unexpected token '<' at 1:1                                        
                      <!DOCTYPE html>                                                    
                      ^                                                                  
                      at assertion:2 in test-script                                      
                      inside "Dashboard Overview / 2001 - Get Dashboard Summary"         
[90m     [39m[90m                [39m[90m                                                                    [39m
 02.  JSONError       Dashboard has device info                                          
                      Unexpected token '<' at 1:1                                        
                      <!DOCTYPE html>                                                    
                      ^                                                                  
                      at assertion:3 in test-script                                      
                      inside "Dashboard Overview / 2001 - Get Dashboard Summary"         
[90m     [39m[90m                [39m[90m                                                                    [39m
 03.  JSONError       Dashboard has network summary                                      
                      Unexpected token '<' at 1:1                                        
                      <!DOCTYPE html>                                                    
                      ^                                                                  
                      at assertion:4 in test-script                                      
                      inside "Dashboard Overview / 2001 - Get Dashboard Summary"         
[90m     [39m[90m                [39m[90m                                                                    [39m
 04.  JSONError       Health status is valid                                             
                      Unexpected token '<' at 1:1                                        
                      <!DOCTYPE html>                                                    
                      ^                                                                  
                      at assertion:1 in test-script                                      
                      inside "Dashboard Overview / 2002 - Get System Health"             
[90m     [39m[90m                [39m[90m                                                                    [39m
 05.  JSONError       Component health details present                                   
                      Unexpected token '<' at 1:1                                        
                      <!DOCTYPE html>                                                    
                      ^                                                                  
                      at assertion:2 in test-script                                      
                      inside "Dashboard Overview / 2002 - Get System Health"             
[90m     [39m[90m                [39m[90m                                                                    [39m
 06.  JSONError       Metrics contain timestamp                                          
                      Unexpected token '<' at 1:1                                        
                      <!DOCTYPE html>                                                    
                      ^                                                                  
                      at assertion:1 in test-script                                      
                      inside "Dashboard Overview / 2003 - Get Real-time Metrics"         
[90m     [39m[90m                [39m[90m                                                                    [39m
 07.  JSONError       CPU metrics are valid                                              
                      Unexpected token '<' at 1:1                                        
                      <!DOCTYPE html>                                                    
                      ^                                                                  
                      at assertion:2 in test-script                                      
                      inside "Dashboard Overview / 2003 - Get Real-time Metrics"         
[90m     [39m[90m                [39m[90m                                                                    [39m
 08.  JSONError       Memory metrics are valid                                           
                      Unexpected token '<' at 1:1                                        
                      <!DOCTYPE html>                                                    
                      ^                                                                  
                      at assertion:3 in test-script                                      
                      inside "Dashboard Overview / 2003 - Get Real-time Metrics"         
[90m     [39m[90m                [39m[90m                                                                    [39m
 09.  JSONError       Historical data is array                                           
                      Unexpected token '<' at 1:1                                        
                      <!DOCTYPE html>                                                    
                      ^                                                                  
                      at assertion:1 in test-script                                      
                      inside "Dashboard Overview / 2004 - Get Historical Metrics"        
[90m     [39m[90m                [39m[90m                                                                    [39m
 10.  JSONError       Data points have required fields                                   
                      Unexpected token '<' at 1:1                                        
                      <!DOCTYPE html>                                                    
                      ^                                                                  
                      at assertion:2 in test-script                                      
                      inside "Dashboard Overview / 2004 - Get Historical Metrics"        
[90m     [39m[90m                [39m[90m                                                                    [39m
 11.  JSONError       Alerts structure is valid                                          
                      Unexpected token '<' at 1:1                                        
                      <!DOCTYPE html>                                                    
                      ^                                                                  
                      at assertion:1 in test-script                                      
                      inside "Dashboard Overview / 2005 - Get Active Alerts"             
[90m     [39m[90m                [39m[90m                                                                    [39m
 12.  JSONError       Alert objects have required fields                                 
                      Unexpected token '<' at 1:1                                        
                      <!DOCTYPE html>                                                    
                      ^                                                                  
                      at assertion:2 in test-script                                      
                      inside "Dashboard Overview / 2005 - Get Active Alerts"             
[90m     [39m[90m                [39m[90m                                                                    [39m
 13.  JSONError       Network interfaces listed                                          
                      Unexpected token '<' at 1:1                                        
                      <!DOCTYPE html>                                                    
                      ^                                                                  
                      at assertion:1 in test-script                                      
                      inside "Dashboard Overview / 2006 - Get Network Status Overview"   
[90m     [39m[90m                [39m[90m                                                                    [39m
 14.  JSONError       Interface data is valid                                            
                      Unexpected token '<' at 1:1                                        
                      <!DOCTYPE html>                                                    
                      ^                                                                  
                      at assertion:2 in test-script                                      
                      inside "Dashboard Overview / 2006 - Get Network Status Overview"   
[90m     [39m[90m                [39m[90m                                                                    [39m
 15.  JSONError       Services list is valid                                             
                      Unexpected token '<' at 1:1                                        
                      <!DOCTYPE html>                                                    
                      ^                                                                  
                      at assertion:1 in test-script                                      
                      inside "Dashboard Overview / 2007 - Get Service Status"            
[90m     [39m[90m                [39m[90m                                                                    [39m
 16.  JSONError       Service objects have required properties                           
                      Unexpected token '<' at 1:1                                        
                      <!DOCTYPE html>                                                    
                      ^                                                                  
                      at assertion:2 in test-script                                      
                      inside "Dashboard Overview / 2007 - Get Service Status"            
[90m     [39m[90m                [39m[90m                                                                    [39m
 17.  AssertionError  Status code is 401                                                 
                      expected response to have status code 401 but got 200              
                      at assertion:0 in test-script                                      
                      inside "Dashboard Overview / 2008 - Dashboard Unauthorized Access" 
[90m     [39m[90m                [39m[90m                                                                    [39m
 18.  JSONError       Error message for unauthorized access                              
                      Unexpected token '<' at 1:1                                        
                      <!DOCTYPE html>                                                    
                      ^                                                                  
                      at assertion:1 in test-script                                      
                      inside "Dashboard Overview / 2008 - Dashboard Unauthorized Access" 
[90m     [39m[90m                [39m[90m                                                                    [39m
 19.  JSONError       Widget configuration returned                                      
                      Unexpected token '<' at 1:1                                        
                      <!DOCTYPE html>                                                    
                      ^                                                                  
                      at assertion:1 in test-script                                      
                      inside "Dashboard Widgets / 2101 - Get Widget Configuration"       
[90m     [39m[90m                [39m[90m                                                                    [39m
 20.  JSONError       Widget structure is valid                                          
                      Unexpected token '<' at 1:1                                        
                      <!DOCTYPE html>                                                    
                      ^                                                                  
                      at assertion:2 in test-script                                      
                      inside "Dashboard Widgets / 2101 - Get Widget Configuration"       
[90m     [39m[90m                [39m[90m                                                                    [39m
 21.  AssertionError  Status code is 200                                                 
                      expected response to have status code 200 but got 501              
                      at assertion:0 in test-script                                      
                      inside "Dashboard Widgets / 2102 - Update Widget Configuration"    
[90m     [39m[90m                [39m[90m                                                                    [39m
 22.  JSONError       Configuration updated successfully                                 
                      Unexpected token '<' at 1:1                                        
                      <!DOCTYPE html>                                                    
                      ^                                                                  
                      at assertion:1 in test-script                                      
                      inside "Dashboard Widgets / 2102 - Update Widget Configuration"    
[90m     [39m[90m                [39m[90m                                                                    [39m
 23.  JSONError       Widget data returned                                               
                      Unexpected token '<' at 1:1                                        
                      <!DOCTYPE html>                                                    
                      ^                                                                  
                      at assertion:1 in test-script                                      
                      inside "Dashboard Widgets / 2103 - Get Widget Data"                
[90m     [39m[90m                [39m[90m                                                                    [39m
 24.  AssertionError  Status code is 404                                                 
                      expected response to have status code 404 but got 200              
                      at assertion:0 in test-script                                      
                      inside "Dashboard Widgets / 2104 - Invalid Widget Request"         
[90m     [39m[90m                [39m[90m                                                                    [39m
 25.  JSONError       Error for non-existent widget                                      
                      Unexpected token '<' at 1:1                                        
                      <!DOCTYPE html>                                                    
                      ^                                                                  
                      at assertion:1 in test-script                                      
                      inside "Dashboard Widgets / 2104 - Invalid Widget Request"         
[90m     [39m[90m                [39m[90m                                                                    [39m
 26.  JSONError       All critical data present                                          
                      Unexpected token '<' at 1:1                                        
                      <!DOCTYPE html>                                                    
                      ^                                                                  
                      at assertion:1 in test-script                                      
                      inside "Performance Tests / 2201 - Dashboard Load Test"            
[90m     [39m[90m                [39m[90m                                                                    [39m
 27.  JSONError       Data integrity maintained                                          
                      Unexpected token '<' at 1:1                                        
                      <!DOCTYPE html>                                                    
                      ^                                                                  
                      at assertion:1 in test-script                                      
                      inside "Performance Tests / 2202 - Concurrent Widget Requests"     
